<?xml version="1.0" encoding="utf-8"?>
<?AutomationStudio Version="4.7.2.98"?>
<Objects>
  <Object
    Path="D:\PLC\BaseLD\Logical\Package.pkg"
    LogicalPath=""
    Type="Package.ParentUnknown"
    LastWriteTime="132240959572062182" />
  <Object
    Path="D:\PLC\BaseLD\Logical\Global.typ"
    LogicalPath="Global.typ"
    Type="File"
    LastWriteTime="132240958796205407"
    Private="false" />
  <Object
    Path="D:\PLC\BaseLD\Logical\Global.var"
    LogicalPath="Global.var"
    Type="File"
    LastWriteTime="132240958796224930"
    Private="false" />
  <Object
    Path="D:\PLC\BaseLD\Logical\Libraries\Package.pkg"
    LogicalPath="Libraries"
    Type="Package"
    LastWriteTime="132240958814010620" />
  <Object
    Path="D:\PLC\BaseLD\Logical\Libraries\operator\binary.lby"
    LogicalPath="Libraries.operator"
    Type="Library"
    LastWriteTime="132240958801491079" />
  <Object
    Path="D:\PLC\BaseLD\Logical\Libraries\operator\operator.fun"
    LogicalPath="Libraries.operator.operator.fun"
    Type="File"
    LastWriteTime="132240958801393481"
    Private="false" />
  <Object
    Path="D:\PLC\BaseLD\Logical\Libraries\operator\operator.typ"
    LogicalPath="Libraries.operator.operator.typ"
    Type="File"
    LastWriteTime="132240958801471556"
    Private="false" />
  <Object
    Path="D:\PLC\BaseLD\Logical\Libraries\operator\operator.var"
    LogicalPath="Libraries.operator.operator.var"
    Type="File"
    LastWriteTime="132240958801491079"
    Private="false" />
  <Object
    Path="D:\PLC\BaseLD\Logical\Libraries\runtime\binary.lby"
    LogicalPath="Libraries.runtime"
    Type="Library"
    LastWriteTime="132240958805815319" />
  <Object
    Path="D:\PLC\BaseLD\Logical\Libraries\runtime\runtime.fun"
    LogicalPath="Libraries.runtime.runtime.fun"
    Type="File"
    LastWriteTime="132240958805776284"
    Private="false" />
  <Object
    Path="D:\PLC\BaseLD\Logical\Libraries\runtime\runtime.typ"
    LogicalPath="Libraries.runtime.runtime.typ"
    Type="File"
    LastWriteTime="132240958805795797"
    Private="false" />
  <Object
    Path="D:\PLC\BaseLD\Logical\Libraries\runtime\runtime.var"
    LogicalPath="Libraries.runtime.runtime.var"
    Type="File"
    LastWriteTime="132240958805815319"
    Private="false" />
  <Object
    Path="D:\PLC\BaseLD\Logical\Libraries\astime\binary.lby"
    LogicalPath="Libraries.astime"
    Type="Library"
    LastWriteTime="132240958810075786" />
  <Object
    Path="D:\PLC\BaseLD\Logical\Libraries\astime\astime.fun"
    LogicalPath="Libraries.astime.astime.fun"
    Type="File"
    LastWriteTime="132240958810027000"
    Private="false" />
  <Object
    Path="D:\PLC\BaseLD\Logical\Libraries\astime\astime.typ"
    LogicalPath="Libraries.astime.astime.typ"
    Type="File"
    LastWriteTime="132240958810046499"
    Private="false" />
  <Object
    Path="D:\PLC\BaseLD\Logical\Libraries\astime\astime.var"
    LogicalPath="Libraries.astime.astime.var"
    Type="File"
    LastWriteTime="132240958810066023"
    Private="false" />
  <Object
    Path="D:\PLC\BaseLD\Logical\Libraries\AsIecCon\binary.lby"
    LogicalPath="Libraries.AsIecCon"
    Type="Library"
    LastWriteTime="132240958813961830" />
  <Object
    Path="D:\PLC\BaseLD\Logical\Libraries\AsIecCon\AsIecCon.fun"
    LogicalPath="Libraries.AsIecCon.AsIecCon.fun"
    Type="File"
    LastWriteTime="132240958813911463"
    Private="false" />
  <Object
    Path="D:\PLC\BaseLD\Logical\Libraries\AsIecCon\AsIecCon.typ"
    LogicalPath="Libraries.AsIecCon.AsIecCon.typ"
    Type="File"
    LastWriteTime="132240958813930980"
    Private="false" />
  <Object
    Path="D:\PLC\BaseLD\Logical\Libraries\AsIecCon\AsIecCon.var"
    LogicalPath="Libraries.AsIecCon.AsIecCon.var"
    Type="File"
    LastWriteTime="132240958813952069"
    Private="false" />
  <Object
    Path="D:\PLC\BaseLD\Logical\Program\ANSIC.prg"
    LogicalPath="Program"
    Type="Program"
    LastWriteTime="132240959037989011" />
  <Object
    Path="D:\PLC\BaseLD\Logical\Program\Main.c"
    LogicalPath="Program.Main.c"
    Type="File"
    LastWriteTime="132240959037881648"
    Private="false" />
  <Object
    Path="D:\PLC\BaseLD\Logical\Program\Types.typ"
    LogicalPath="Program.Types.typ"
    Type="File"
    LastWriteTime="132240959037910945"
    Private="true" />
  <Object
    Path="D:\PLC\BaseLD\Logical\Program\Variables.var"
    LogicalPath="Program.Variables.var"
    Type="File"
    LastWriteTime="132240959037979251"
    Private="true" />
  <Object
    Path="D:\PLC\BaseLD\Logical\Program1\IEC.prg"
    LogicalPath="Program1"
    Type="Program"
    LastWriteTime="132240959572042658" />
  <Object
    Path="D:\PLC\BaseLD\Logical\Program1\Cyclic.ld"
    LogicalPath="Program1.Cyclic.ld"
    Type="File"
    LastWriteTime="132240960327958547"
    Private="false" />
  <Object
    Path="D:\PLC\BaseLD\Logical\Program1\Init.ld"
    LogicalPath="Program1.Init.ld"
    Type="File"
    LastWriteTime="132240959571953533"
    Private="false" />
  <Object
    Path="D:\PLC\BaseLD\Logical\Program1\Exit.ld"
    LogicalPath="Program1.Exit.ld"
    Type="File"
    LastWriteTime="132240959571973032"
    Private="false" />
  <Object
    Path="D:\PLC\BaseLD\Logical\Program1\Types.typ"
    LogicalPath="Program1.Types.typ"
    Type="File"
    LastWriteTime="132240959572003620"
    Private="true" />
  <Object
    Path="D:\PLC\BaseLD\Logical\Program1\Variables.var"
    LogicalPath="Program1.Variables.var"
    Type="File"
    LastWriteTime="132240960351259450"
    Private="true" />
  <Object
    Path="D:\PLC\BaseLD\Physical\Config1\Config.pkg"
    LogicalPath="Config1"
    Type="Configuration.ParentUnknown"
    LastWriteTime="132240958851213873" />
  <Object
    Path="D:\PLC\BaseLD\Physical\Config1\Hardware.hw"
    LogicalPath="Config1.Hardware.hw"
    Type="File"
    LastWriteTime="132240958814361975"
    Private="false" />
  <Object
    Path="D:\PLC\BaseLD\Physical\Config1\Hardware.hwl"
    LogicalPath="Config1.Hardware.hwl"
    Type="File"
    LastWriteTime="132240962749024157"
    Private="false" />
  <Object
    Path="D:\PLC\BaseLD\Physical\Config1\X20CP1586\Cpu.pkg"
    LogicalPath="Config1.X20CP1586"
    Type="Cpu"
    LastWriteTime="132240958819050208" />
  <Object
    Path="D:\PLC\BaseLD\Physical\Config1\X20CP1586\Cpu.sw"
    LogicalPath="Config1.X20CP1586.Cpu.sw"
    Type="File"
    LastWriteTime="132240959572333624"
    Private="false" />
  <Object
    Path="D:\PLC\BaseLD\Physical\Config1\X20CP1586\Cpu.per"
    LogicalPath="Config1.X20CP1586.Cpu.per"
    Type="File"
    LastWriteTime="132240958816316944"
    Private="false" />
  <Object
    Path="D:\PLC\BaseLD\Physical\Config1\X20CP1586\IoMap.iom"
    LogicalPath="Config1.X20CP1586.IoMap.iom"
    Type="File"
    LastWriteTime="132240960577109142"
    Private="false" />
  <Object
    Path="D:\PLC\BaseLD\Physical\Config1\X20CP1586\PvMap.vvm"
    LogicalPath="Config1.X20CP1586.PvMap.vvm"
    Type="File"
    LastWriteTime="132240958816454692"
    Private="false" />
  <Object
    Path="D:\PLC\BaseLD\Physical\Config1\X20CP1586\Connectivity\Package.pkg"
    LogicalPath="Config1.X20CP1586.Connectivity"
    Type="Package"
    LastWriteTime="132240958816907506" />
  <Object
    Path="D:\PLC\BaseLD\Physical\Config1\X20CP1586\Connectivity\OpcUA\Package.pkg"
    LogicalPath="Config1.X20CP1586.Connectivity.OpcUA"
    Type="Package"
    LastWriteTime="132240958816888054" />
  <Object
    Path="D:\PLC\BaseLD\Physical\Config1\X20CP1586\TextSystem\Package.pkg"
    LogicalPath="Config1.X20CP1586.TextSystem"
    Type="Package"
    LastWriteTime="132240958817083211" />
  <Object
    Path="D:\PLC\BaseLD\Physical\Config1\X20CP1586\UnitSystem\Package.pkg"
    LogicalPath="Config1.X20CP1586.UnitSystem"
    Type="Package"
    LastWriteTime="132240958817264138" />
  <Object
    Path="D:\PLC\BaseLD\Physical\Config1\X20CP1586\AccessAndSecurity\Package.pkg"
    LogicalPath="Config1.X20CP1586.AccessAndSecurity"
    Type="Package"
    LastWriteTime="132240958818415810" />
  <Object
    Path="D:\PLC\BaseLD\Physical\Config1\X20CP1586\AccessAndSecurity\UserRoleSystem\Package.pkg"
    LogicalPath="Config1.X20CP1586.AccessAndSecurity.UserRoleSystem"
    Type="Package"
    LastWriteTime="132240958817400774" />
  <Object
    Path="D:\PLC\BaseLD\Physical\Config1\X20CP1586\AccessAndSecurity\UserRoleSystem\Role.role"
    LogicalPath="Config1.X20CP1586.AccessAndSecurity.UserRoleSystem.Role.role"
    Type="File"
    LastWriteTime="132240958817371492"
    Private="false" />
  <Object
    Path="D:\PLC\BaseLD\Physical\Config1\X20CP1586\AccessAndSecurity\UserRoleSystem\User.user"
    LogicalPath="Config1.X20CP1586.AccessAndSecurity.UserRoleSystem.User.user"
    Type="File"
    LastWriteTime="132240958817400774"
    Private="false" />
  <Object
    Path="D:\PLC\BaseLD\Physical\Config1\X20CP1586\AccessAndSecurity\CertificateStore\Package.pkg"
    LogicalPath="Config1.X20CP1586.AccessAndSecurity.CertificateStore"
    Type="Package"
    LastWriteTime="132240958818181568" />
  <Object
    Path="D:\PLC\BaseLD\Physical\Config1\X20CP1586\AccessAndSecurity\CertificateStore\OwnCertificates\Package.pkg"
    LogicalPath="Config1.X20CP1586.AccessAndSecurity.CertificateStore.OwnCertificates"
    Type="Package"
    LastWriteTime="132240958817722862" />
  <Object
    Path="D:\PLC\BaseLD\Physical\Config1\X20CP1586\AccessAndSecurity\CertificateStore\OwnCertificates\Certificates\Package.pkg"
    LogicalPath="Config1.X20CP1586.AccessAndSecurity.CertificateStore.OwnCertificates.Certificates"
    Type="Package"
    LastWriteTime="132240958817556929" />
  <Object
    Path="D:\PLC\BaseLD\Physical\Config1\X20CP1586\AccessAndSecurity\CertificateStore\OwnCertificates\PrivateKeys\Package.pkg"
    LogicalPath="Config1.X20CP1586.AccessAndSecurity.CertificateStore.OwnCertificates.PrivateKeys"
    Type="Package"
    LastWriteTime="132240958817713093" />
  <Object
    Path="D:\PLC\BaseLD\Physical\Config1\X20CP1586\AccessAndSecurity\CertificateStore\ThirdPartyCertificates\Package.pkg"
    LogicalPath="Config1.X20CP1586.AccessAndSecurity.CertificateStore.ThirdPartyCertificates"
    Type="Package"
    LastWriteTime="132240958817927814" />
  <Object
    Path="D:\PLC\BaseLD\Physical\Config1\X20CP1586\AccessAndSecurity\CertificateStore\ThirdPartyCertificates\SoftwareCertificates\Package.pkg"
    LogicalPath="Config1.X20CP1586.AccessAndSecurity.CertificateStore.ThirdPartyCertificates.SoftwareCertificates"
    Type="Package"
    LastWriteTime="132240958817908298" />
  <Object
    Path="D:\PLC\BaseLD\Physical\Config1\X20CP1586\AccessAndSecurity\CertificateStore\CertificateRevocationLists\Package.pkg"
    LogicalPath="Config1.X20CP1586.AccessAndSecurity.CertificateStore.CertificateRevocationLists"
    Type="Package"
    LastWriteTime="132240958818015963" />
  <Object
    Path="D:\PLC\BaseLD\Physical\Config1\X20CP1586\AccessAndSecurity\CertificateStore\CertificateSigningRequests\Package.pkg"
    LogicalPath="Config1.X20CP1586.AccessAndSecurity.CertificateStore.CertificateSigningRequests"
    Type="Package"
    LastWriteTime="132240958818171815" />
  <Object
    Path="D:\PLC\BaseLD\Physical\Config1\X20CP1586\AccessAndSecurity\TransportLayerSecurity\Package.pkg"
    LogicalPath="Config1.X20CP1586.AccessAndSecurity.TransportLayerSecurity"
    Type="Package"
    LastWriteTime="132240958818288932" />
  <Object
    Path="D:\PLC\BaseLD\Physical\Config1\X20CP1586\AccessAndSecurity\Firewall\Package.pkg"
    LogicalPath="Config1.X20CP1586.AccessAndSecurity.Firewall"
    Type="Package"
    LastWriteTime="132240958818396308" />
  <Object
    Path="D:\PLC\BaseLD\Physical\Config1\X20CP1586\AccessAndSecurity\Firewall\Rules.firewallRules"
    LogicalPath="Config1.X20CP1586.AccessAndSecurity.Firewall.Rules.firewallRules"
    Type="File"
    LastWriteTime="132240958818396308"
    Private="false" />
  <Object
    Path="D:\PLC\BaseLD\Physical\Config1\X20CP1586\mappControl\Package.pkg"
    LogicalPath="Config1.X20CP1586.mappControl"
    Type="Package"
    LastWriteTime="132240958818464627" />
  <Object
    Path="D:\PLC\BaseLD\Physical\Config1\X20CP1586\mappMotion\Package.pkg"
    LogicalPath="Config1.X20CP1586.mappMotion"
    Type="Package"
    LastWriteTime="132240958818591490" />
  <Object
    Path="D:\PLC\BaseLD\Physical\Config1\X20CP1586\mappServices\Package.pkg"
    LogicalPath="Config1.X20CP1586.mappServices"
    Type="Package"
    LastWriteTime="132240958818640296" />
  <Object
    Path="D:\PLC\BaseLD\Physical\Config1\X20CP1586\mappSafety\Package.pkg"
    LogicalPath="Config1.X20CP1586.mappSafety"
    Type="Package"
    LastWriteTime="132240958818767168" />
  <Object
    Path="D:\PLC\BaseLD\Physical\Config1\X20CP1586\mappSafety\SafeApplication\Package.pkg"
    LogicalPath="Config1.X20CP1586.mappSafety.SafeApplication"
    Type="Package"
    LastWriteTime="132240958818718371" />
  <Object
    Path="D:\PLC\BaseLD\Physical\Config1\X20CP1586\mappSafety\SafeCommissioning\Package.pkg"
    LogicalPath="Config1.X20CP1586.mappSafety.SafeCommissioning"
    Type="Package"
    LastWriteTime="132240958818757413" />
  <Object
    Path="D:\PLC\BaseLD\Physical\Config1\X20CP1586\mappView\Package.pkg"
    LogicalPath="Config1.X20CP1586.mappView"
    Type="Package"
    LastWriteTime="132240958818903829" />
  <Object
    Path="D:\PLC\BaseLD\Physical\Config1\X20CP1586\mappCockpit\Package.pkg"
    LogicalPath="Config1.X20CP1586.mappCockpit"
    Type="Package"
    LastWriteTime="132240958819030689" />
  <Object
    Path="D:\PLC\BaseLD\Physical\Config1\Hardware.jpg"
    LogicalPath="Config1.Hardware.jpg"
    Type="File"
    LastWriteTime="132240962749160793"
    Private="false" />
</Objects>