<?xml version="1.0" encoding="utf-8"?>
<?AutomationStudio Version="4.7.2.98"?>
<Objects>
  <Object
    Path="D:\PLC\NewBase\Logical\Package.pkg"
    LogicalPath=""
    Type="Package.ParentUnknown"
    LastWriteTime="132283235338974884" />
  <Object
    Path="D:\PLC\NewBase\Logical\Global.typ"
    LogicalPath="Global.typ"
    Type="File"
    LastWriteTime="132283234571688608"
    Private="false" />
  <Object
    Path="D:\PLC\NewBase\Logical\Global.var"
    LogicalPath="Global.var"
    Type="File"
    LastWriteTime="132283234571868166"
    Private="false" />
  <Object
    Path="D:\PLC\NewBase\Logical\Libraries\Package.pkg"
    LogicalPath="Libraries"
    Type="Package"
    LastWriteTime="132283234633458226" />
  <Object
    Path="D:\PLC\NewBase\Logical\Libraries\operator\binary.lby"
    LogicalPath="Libraries.operator"
    Type="Library"
    LastWriteTime="132283234619522622" />
  <Object
    Path="D:\PLC\NewBase\Logical\Libraries\operator\operator.fun"
    LogicalPath="Libraries.operator.operator.fun"
    Type="File"
    LastWriteTime="132283234619448492"
    Private="false" />
  <Object
    Path="D:\PLC\NewBase\Logical\Libraries\operator\operator.typ"
    LogicalPath="Libraries.operator.operator.typ"
    Type="File"
    LastWriteTime="132283234619492701"
    Private="false" />
  <Object
    Path="D:\PLC\NewBase\Logical\Libraries\operator\operator.var"
    LogicalPath="Libraries.operator.operator.var"
    Type="File"
    LastWriteTime="132283234619522622"
    Private="false" />
  <Object
    Path="D:\PLC\NewBase\Logical\Libraries\runtime\binary.lby"
    LogicalPath="Libraries.runtime"
    Type="Library"
    LastWriteTime="132283234624073513" />
  <Object
    Path="D:\PLC\NewBase\Logical\Libraries\runtime\runtime.fun"
    LogicalPath="Libraries.runtime.runtime.fun"
    Type="File"
    LastWriteTime="132283234624011243"
    Private="false" />
  <Object
    Path="D:\PLC\NewBase\Logical\Libraries\runtime\runtime.typ"
    LogicalPath="Libraries.runtime.runtime.typ"
    Type="File"
    LastWriteTime="132283234624041083"
    Private="false" />
  <Object
    Path="D:\PLC\NewBase\Logical\Libraries\runtime\runtime.var"
    LogicalPath="Libraries.runtime.runtime.var"
    Type="File"
    LastWriteTime="132283234624071125"
    Private="false" />
  <Object
    Path="D:\PLC\NewBase\Logical\Libraries\astime\binary.lby"
    LogicalPath="Libraries.astime"
    Type="Library"
    LastWriteTime="132283234628567359" />
  <Object
    Path="D:\PLC\NewBase\Logical\Libraries\astime\astime.fun"
    LogicalPath="Libraries.astime.astime.fun"
    Type="File"
    LastWriteTime="132283234628465885"
    Private="false" />
  <Object
    Path="D:\PLC\NewBase\Logical\Libraries\astime\astime.typ"
    LogicalPath="Libraries.astime.astime.typ"
    Type="File"
    LastWriteTime="132283234628505783"
    Private="false" />
  <Object
    Path="D:\PLC\NewBase\Logical\Libraries\astime\astime.var"
    LogicalPath="Libraries.astime.astime.var"
    Type="File"
    LastWriteTime="132283234628565639"
    Private="false" />
  <Object
    Path="D:\PLC\NewBase\Logical\Libraries\AsIecCon\binary.lby"
    LogicalPath="Libraries.AsIecCon"
    Type="Library"
    LastWriteTime="132283234633283200" />
  <Object
    Path="D:\PLC\NewBase\Logical\Libraries\AsIecCon\AsIecCon.fun"
    LogicalPath="Libraries.AsIecCon.AsIecCon.fun"
    Type="File"
    LastWriteTime="132283234633223221"
    Private="false" />
  <Object
    Path="D:\PLC\NewBase\Logical\Libraries\AsIecCon\AsIecCon.typ"
    LogicalPath="Libraries.AsIecCon.AsIecCon.typ"
    Type="File"
    LastWriteTime="132283234633253154"
    Private="false" />
  <Object
    Path="D:\PLC\NewBase\Logical\Libraries\AsIecCon\AsIecCon.var"
    LogicalPath="Libraries.AsIecCon.AsIecCon.var"
    Type="File"
    LastWriteTime="132283234633273091"
    Private="false" />
  <Object
    Path="D:\PLC\NewBase\Logical\Program\ANSIC.prg"
    LogicalPath="Program"
    Type="Program"
    LastWriteTime="132283235338949826" />
  <Object
    Path="D:\PLC\NewBase\Logical\Program\Main.c"
    LogicalPath="Program.Main.c"
    Type="File"
    LastWriteTime="132284189261039510"
    Private="false" />
  <Object
    Path="D:\PLC\NewBase\Logical\Program\Types.typ"
    LogicalPath="Program.Types.typ"
    Type="File"
    LastWriteTime="132283235338925043"
    Private="true" />
  <Object
    Path="D:\PLC\NewBase\Logical\Program\Variables.var"
    LogicalPath="Program.Variables.var"
    Type="File"
    LastWriteTime="132284157191452647"
    Private="true" />
  <Object
    Path="D:\PLC\NewBase\Physical\Config1\Config.pkg"
    LogicalPath="Config1"
    Type="Configuration.ParentUnknown"
    LastWriteTime="132283234692488305" />
  <Object
    Path="D:\PLC\NewBase\Physical\Config1\Hardware.hw"
    LogicalPath="Config1.Hardware.hw"
    Type="File"
    LastWriteTime="132283238831271618"
    Private="false" />
  <Object
    Path="D:\PLC\NewBase\Physical\Config1\Hardware.hwl"
    LogicalPath="Config1.Hardware.hwl"
    Type="File"
    LastWriteTime="132284042987356605"
    Private="false" />
  <Object
    Path="D:\PLC\NewBase\Physical\Config1\X20CP1586\Cpu.pkg"
    LogicalPath="Config1.X20CP1586"
    Type="Cpu"
    LastWriteTime="132283234642787444" />
  <Object
    Path="D:\PLC\NewBase\Physical\Config1\X20CP1586\Cpu.sw"
    LogicalPath="Config1.X20CP1586.Cpu.sw"
    Type="File"
    LastWriteTime="132283235344480025"
    Private="false" />
  <Object
    Path="D:\PLC\NewBase\Physical\Config1\X20CP1586\Cpu.per"
    LogicalPath="Config1.X20CP1586.Cpu.per"
    Type="File"
    LastWriteTime="132283234638953949"
    Private="false" />
  <Object
    Path="D:\PLC\NewBase\Physical\Config1\X20CP1586\IoMap.iom"
    LogicalPath="Config1.X20CP1586.IoMap.iom"
    Type="File"
    LastWriteTime="132283292573472136"
    Private="false" />
  <Object
    Path="D:\PLC\NewBase\Physical\Config1\X20CP1586\PvMap.vvm"
    LogicalPath="Config1.X20CP1586.PvMap.vvm"
    Type="File"
    LastWriteTime="132283234639204847"
    Private="false" />
  <Object
    Path="D:\PLC\NewBase\Physical\Config1\X20CP1586\Connectivity\Package.pkg"
    LogicalPath="Config1.X20CP1586.Connectivity"
    Type="Package"
    LastWriteTime="132283234639691964" />
  <Object
    Path="D:\PLC\NewBase\Physical\Config1\X20CP1586\Connectivity\OpcUA\Package.pkg"
    LogicalPath="Config1.X20CP1586.Connectivity.OpcUA"
    Type="Package"
    LastWriteTime="132283234639623889" />
  <Object
    Path="D:\PLC\NewBase\Physical\Config1\X20CP1586\TextSystem\Package.pkg"
    LogicalPath="Config1.X20CP1586.TextSystem"
    Type="Package"
    LastWriteTime="132283234639945155" />
  <Object
    Path="D:\PLC\NewBase\Physical\Config1\X20CP1586\UnitSystem\Package.pkg"
    LogicalPath="Config1.X20CP1586.UnitSystem"
    Type="Package"
    LastWriteTime="132283234640128685" />
  <Object
    Path="D:\PLC\NewBase\Physical\Config1\X20CP1586\AccessAndSecurity\Package.pkg"
    LogicalPath="Config1.X20CP1586.AccessAndSecurity"
    Type="Package"
    LastWriteTime="132283234641629612" />
  <Object
    Path="D:\PLC\NewBase\Physical\Config1\X20CP1586\AccessAndSecurity\UserRoleSystem\Package.pkg"
    LogicalPath="Config1.X20CP1586.AccessAndSecurity.UserRoleSystem"
    Type="Package"
    LastWriteTime="132283234640582652" />
  <Object
    Path="D:\PLC\NewBase\Physical\Config1\X20CP1586\AccessAndSecurity\UserRoleSystem\Role.role"
    LogicalPath="Config1.X20CP1586.AccessAndSecurity.UserRoleSystem.Role.role"
    Type="File"
    LastWriteTime="132283234640467705"
    Private="false" />
  <Object
    Path="D:\PLC\NewBase\Physical\Config1\X20CP1586\AccessAndSecurity\UserRoleSystem\User.user"
    LogicalPath="Config1.X20CP1586.AccessAndSecurity.UserRoleSystem.User.user"
    Type="File"
    LastWriteTime="132283234640577412"
    Private="false" />
  <Object
    Path="D:\PLC\NewBase\Physical\Config1\X20CP1586\AccessAndSecurity\CertificateStore\Package.pkg"
    LogicalPath="Config1.X20CP1586.AccessAndSecurity.CertificateStore"
    Type="Package"
    LastWriteTime="132283234641310448" />
  <Object
    Path="D:\PLC\NewBase\Physical\Config1\X20CP1586\AccessAndSecurity\CertificateStore\OwnCertificates\Package.pkg"
    LogicalPath="Config1.X20CP1586.AccessAndSecurity.CertificateStore.OwnCertificates"
    Type="Package"
    LastWriteTime="132283234640915518" />
  <Object
    Path="D:\PLC\NewBase\Physical\Config1\X20CP1586\AccessAndSecurity\CertificateStore\OwnCertificates\Certificates\Package.pkg"
    LogicalPath="Config1.X20CP1586.AccessAndSecurity.CertificateStore.OwnCertificates.Certificates"
    Type="Package"
    LastWriteTime="132283234640804811" />
  <Object
    Path="D:\PLC\NewBase\Physical\Config1\X20CP1586\AccessAndSecurity\CertificateStore\OwnCertificates\PrivateKeys\Package.pkg"
    LogicalPath="Config1.X20CP1586.AccessAndSecurity.CertificateStore.OwnCertificates.PrivateKeys"
    Type="Package"
    LastWriteTime="132283234640908349" />
  <Object
    Path="D:\PLC\NewBase\Physical\Config1\X20CP1586\AccessAndSecurity\CertificateStore\ThirdPartyCertificates\Package.pkg"
    LogicalPath="Config1.X20CP1586.AccessAndSecurity.CertificateStore.ThirdPartyCertificates"
    Type="Package"
    LastWriteTime="132283234641067337" />
  <Object
    Path="D:\PLC\NewBase\Physical\Config1\X20CP1586\AccessAndSecurity\CertificateStore\ThirdPartyCertificates\SoftwareCertificates\Package.pkg"
    LogicalPath="Config1.X20CP1586.AccessAndSecurity.CertificateStore.ThirdPartyCertificates.SoftwareCertificates"
    Type="Package"
    LastWriteTime="132283234641057369" />
  <Object
    Path="D:\PLC\NewBase\Physical\Config1\X20CP1586\AccessAndSecurity\CertificateStore\CertificateRevocationLists\Package.pkg"
    LogicalPath="Config1.X20CP1586.AccessAndSecurity.CertificateStore.CertificateRevocationLists"
    Type="Package"
    LastWriteTime="132283234641182408" />
  <Object
    Path="D:\PLC\NewBase\Physical\Config1\X20CP1586\AccessAndSecurity\CertificateStore\CertificateSigningRequests\Package.pkg"
    LogicalPath="Config1.X20CP1586.AccessAndSecurity.CertificateStore.CertificateSigningRequests"
    Type="Package"
    LastWriteTime="132283234641291103" />
  <Object
    Path="D:\PLC\NewBase\Physical\Config1\X20CP1586\AccessAndSecurity\TransportLayerSecurity\Package.pkg"
    LogicalPath="Config1.X20CP1586.AccessAndSecurity.TransportLayerSecurity"
    Type="Package"
    LastWriteTime="132283234641420170" />
  <Object
    Path="D:\PLC\NewBase\Physical\Config1\X20CP1586\AccessAndSecurity\Firewall\Package.pkg"
    LogicalPath="Config1.X20CP1586.AccessAndSecurity.Firewall"
    Type="Package"
    LastWriteTime="132283234641559786" />
  <Object
    Path="D:\PLC\NewBase\Physical\Config1\X20CP1586\AccessAndSecurity\Firewall\Rules.firewallRules"
    LogicalPath="Config1.X20CP1586.AccessAndSecurity.Firewall.Rules.firewallRules"
    Type="File"
    LastWriteTime="132283234641554670"
    Private="false" />
  <Object
    Path="D:\PLC\NewBase\Physical\Config1\X20CP1586\mappControl\Package.pkg"
    LogicalPath="Config1.X20CP1586.mappControl"
    Type="Package"
    LastWriteTime="132283234641811886" />
  <Object
    Path="D:\PLC\NewBase\Physical\Config1\X20CP1586\mappMotion\Package.pkg"
    LogicalPath="Config1.X20CP1586.mappMotion"
    Type="Package"
    LastWriteTime="132283234641936004" />
  <Object
    Path="D:\PLC\NewBase\Physical\Config1\X20CP1586\mappServices\Package.pkg"
    LogicalPath="Config1.X20CP1586.mappServices"
    Type="Package"
    LastWriteTime="132283234642048479" />
  <Object
    Path="D:\PLC\NewBase\Physical\Config1\X20CP1586\mappSafety\Package.pkg"
    LogicalPath="Config1.X20CP1586.mappSafety"
    Type="Package"
    LastWriteTime="132283234642387911" />
  <Object
    Path="D:\PLC\NewBase\Physical\Config1\X20CP1586\mappSafety\SafeApplication\Package.pkg"
    LogicalPath="Config1.X20CP1586.mappSafety.SafeApplication"
    Type="Package"
    LastWriteTime="132283234642287836" />
  <Object
    Path="D:\PLC\NewBase\Physical\Config1\X20CP1586\mappSafety\SafeCommissioning\Package.pkg"
    LogicalPath="Config1.X20CP1586.mappSafety.SafeCommissioning"
    Type="Package"
    LastWriteTime="132283234642320225" />
  <Object
    Path="D:\PLC\NewBase\Physical\Config1\X20CP1586\mappView\Package.pkg"
    LogicalPath="Config1.X20CP1586.mappView"
    Type="Package"
    LastWriteTime="132283234642587785" />
  <Object
    Path="D:\PLC\NewBase\Physical\Config1\X20CP1586\mappCockpit\Package.pkg"
    LogicalPath="Config1.X20CP1586.mappCockpit"
    Type="Package"
    LastWriteTime="132283234642777271" />
  <Object
    Path="D:\PLC\NewBase\Physical\Config1\Hardware.jpg"
    LogicalPath="Config1.Hardware.jpg"
    Type="File"
    LastWriteTime="132284042987560849"
    Private="false" />
</Objects>